<?xml version="1.0" encoding="UTF-8"?>
<!-- Generated by org.testng.reporters.JUnitReportReporter -->
<testsuite hostname="DESKTOP-MURDGNT" failures="0" tests="1" name="sportyShoes.testscript.BuyShoeTest" time="5.211" errors="0" timestamp="2023-08-24T11:11:36 IST" skipped="0">
  <testcase classname="sportyShoes.testscript.BuyShoeTest" name="buyShoe" time="5.211"/>
  <system-out/>
</testsuite> <!-- sportyShoes.testscript.BuyShoeTest -->
