<?xml version="1.0" encoding="UTF-8"?>
<!-- Generated by org.testng.reporters.JUnitReportReporter -->
<testsuite hostname="DESKTOP-MURDGNT" failures="0" tests="3" name="Restassured.RestassuredDemo.GETRestDemo" time="2.001" errors="0" timestamp="2023-08-22T12:16:05 IST" skipped="0">
  <testcase classname="Restassured.RestassuredDemo.GETRestDemo" name="createPayLoad" time="0.234"/>
  <testcase classname="Restassured.RestassuredDemo.GETRestDemo" name="getServerResponse" time="1.375"/>
  <testcase classname="Restassured.RestassuredDemo.GETRestDemo" name="createResource" time="0.392"/>
</testsuite> <!-- Restassured.RestassuredDemo.GETRestDemo -->
