<?xml version="1.0" encoding="UTF-8"?>
<!-- Generated by org.testng.reporters.JUnitReportReporter -->
<testsuite hostname="DESKTOP-MURDGNT" failures="0" tests="1" name="Restassured.RestassuredDemo.POSTDemo" time="1.498" errors="0" timestamp="2023-08-22T10:28:12 IST" skipped="0">
  <testcase classname="Restassured.RestassuredDemo.POSTDemo" name="createResource" time="1.498"/>
</testsuite> <!-- Restassured.RestassuredDemo.POSTDemo -->
