<?xml version="1.0" encoding="UTF-8"?>
<!-- Generated by org.testng.reporters.JUnitReportReporter -->
<testsuite hostname="DESKTOP-MURDGNT" failures="0" tests="1" name="Restassured.RestassuredDemo.PUTDemo" time="1.432" errors="0" timestamp="2023-08-22T10:30:20 IST" skipped="0">
  <testcase classname="Restassured.RestassuredDemo.PUTDemo" name="updateResource" time="1.432"/>
</testsuite> <!-- Restassured.RestassuredDemo.PUTDemo -->
