<?xml version="1.0" encoding="UTF-8"?>
<!-- Generated by org.testng.reporters.JUnitReportReporter -->
<testsuite hostname="DESKTOP-MURDGNT" failures="0" tests="1" name="Restassured.RestassuredDemo.APIKeyDemo" time="2.102" errors="0" timestamp="2023-08-18T09:18:21 IST" skipped="0">
  <testcase classname="Restassured.RestassuredDemo.APIKeyDemo" name="getWeatherInfo" time="2.102"/>
  <system-out/>
</testsuite> <!-- Restassured.RestassuredDemo.APIKeyDemo -->
