<?xml version="1.0" encoding="UTF-8"?>
<!-- Generated by org.testng.reporters.JUnitReportReporter -->
<testsuite hostname="DESKTOP-MURDGNT" failures="0" tests="1" name="Restassured.RestassuredDemo.DELETEDemo" time="1.270" errors="0" timestamp="2023-08-22T10:32:57 IST" skipped="0">
  <testcase classname="Restassured.RestassuredDemo.DELETEDemo" name="deleteResource" time="1.270"/>
</testsuite> <!-- Restassured.RestassuredDemo.DELETEDemo -->
