<?xml version="1.0" encoding="UTF-8"?>
<!-- Generated by org.testng.reporters.JUnitReportReporter -->
<testsuite hostname="DESKTOP-MURDGNT" failures="0" tests="3" name="sportyShoes.SportyShoesDemo" time="1.611" errors="0" timestamp="2023-08-24T10:32:00 IST" skipped="0">
  <testcase classname="sportyShoes.SportyShoesDemo" name="getproductsDetails" time="1.523"/>
  <testcase classname="sportyShoes.SportyShoesDemo" name="getregisteredusers" time="0.019"/>
  <testcase classname="sportyShoes.SportyShoesDemo" name="addProduct" time="0.069"/>
</testsuite> <!-- sportyShoes.SportyShoesDemo -->
