<?xml version="1.0" encoding="UTF-8"?>
<!-- Generated by org.testng.reporters.JUnitReportReporter -->
<testsuite hostname="DESKTOP-MURDGNT" failures="0" tests="1" name="Restassured.RestassuredDemo.GetDemo" time="1.357" errors="0" timestamp="2023-08-22T12:12:33 IST" skipped="0">
  <testcase classname="Restassured.RestassuredDemo.GetDemo" name="getServerResponse" time="1.357"/>
</testsuite> <!-- Restassured.RestassuredDemo.GetDemo -->
