<?xml version="1.0" encoding="UTF-8"?>
<!-- Generated by org.testng.reporters.JUnitReportReporter -->
<testsuite hostname="DESKTOP-MURDGNT" failures="0" tests="1" name="Restassured.RestassuredDemo.PutBearerDemo" time="1.774" errors="0" timestamp="2023-08-18T11:34:43 IST" skipped="0">
  <testcase classname="Restassured.RestassuredDemo.PutBearerDemo" name="updateResource" time="1.774"/>
  <system-out/>
</testsuite> <!-- Restassured.RestassuredDemo.PutBearerDemo -->
