<?xml version="1.0" encoding="UTF-8"?>
<!-- Generated by org.testng.reporters.JUnitReportReporter -->
<testsuite hostname="DESKTOP-MURDGNT" failures="0" tests="1" name="Restassured.RestassuredDemo.SOAPDemo" time="1.629" errors="0" timestamp="2023-08-17T12:30:43 IST" skipped="0">
  <testcase classname="Restassured.RestassuredDemo.SOAPDemo" name="getCapital" time="1.629"/>
  <system-out/>
</testsuite> <!-- Restassured.RestassuredDemo.SOAPDemo -->
