<?xml version="1.0" encoding="UTF-8"?>
<!-- Generated by org.testng.reporters.JUnitReportReporter -->
<testsuite hostname="DESKTOP-MURDGNT" failures="0" tests="5" name="Restassured.RestassuredDemo.Create_Update_Delete_Resource" time="2.360" errors="0" timestamp="2023-08-21T12:35:38 IST" skipped="0">
  <testcase classname="Restassured.RestassuredDemo.Create_Update_Delete_Resource" name="createLPayload" time="0.279"/>
  <testcase classname="Restassured.RestassuredDemo.Create_Update_Delete_Resource" name="createResource" time="1.500"/>
  <testcase classname="Restassured.RestassuredDemo.Create_Update_Delete_Resource" name="verifyResource" time="0.224"/>
  <testcase classname="Restassured.RestassuredDemo.Create_Update_Delete_Resource" name="updateResource" time="0.234"/>
  <testcase classname="Restassured.RestassuredDemo.Create_Update_Delete_Resource" name="deleteResource" time="0.123"/>
</testsuite> <!-- Restassured.RestassuredDemo.Create_Update_Delete_Resource -->
