<?xml version="1.0" encoding="UTF-8"?>
<!-- Generated by org.testng.reporters.JUnitReportReporter -->
<testsuite hostname="DESKTOP-MURDGNT" failures="0" tests="1" name="Restassured.RestassuredDemo.GetBearerDemo" time="1.583" errors="0" timestamp="2023-08-18T10:54:31 IST" skipped="0">
  <testcase classname="Restassured.RestassuredDemo.GetBearerDemo" name="verifyResource" time="1.583"/>
  <system-out/>
</testsuite> <!-- Restassured.RestassuredDemo.GetBearerDemo -->
