<?xml version="1.0" encoding="UTF-8"?>
<!-- Generated by org.testng.reporters.JUnitReportReporter -->
<testsuite hostname="DESKTOP-MURDGNT" failures="0" tests="1" name="Restassured.RestassuredDemo.BearerTokenDemo" time="1.828" errors="0" timestamp="2023-08-18T10:01:05 IST" skipped="0">
  <testcase classname="Restassured.RestassuredDemo.BearerTokenDemo" name="createResource" time="1.828"/>
  <system-out/>
</testsuite> <!-- Restassured.RestassuredDemo.BearerTokenDemo -->
